20:36:45.206 [TestNG-tests-1] DEBUG com.hk.automation.test.LoginTest - Browser got launched
20:36:47.857 [TestNG-tests-1] DEBUG com.hk.automation.test.LoginTest - Navigated to application url
20:36:47.973 [TestNG-tests-1] DEBUG com.hk.automation.test.LoginTest - Clicked on my account dropdown
20:36:48.497 [TestNG-tests-1] DEBUG com.hk.automation.test.LoginTest - Clicked on Login option
20:36:48.672 [TestNG-tests-1] DEBUG com.hk.automation.test.LoginTest - Email address entered
20:36:48.763 [TestNG-tests-1] DEBUG com.hk.automation.test.LoginTest - Password entered
20:36:48.841 [TestNG-tests-1] DEBUG com.hk.automation.test.LoginTest - Clicked on Login Button
20:36:58.900 [TestNG-tests-1] DEBUG com.hk.automation.test.LoginTest - Login Failed!
20:36:58.903 [TestNG-tests-1] INFO  com.hk.automation.test.LoginTest - Login  test got passed
20:36:59.074 [TestNG-tests-1] INFO  com.hk.automation.test.LoginTest - Browser closed
20:37:23.825 [TestNG-tests-1] DEBUG com.hk.automation.test.LoginTest - Browser got launched
20:37:26.860 [TestNG-tests-1] DEBUG com.hk.automation.test.LoginTest - Navigated to application url
20:37:27.022 [TestNG-tests-1] DEBUG com.hk.automation.test.LoginTest - Clicked on my account dropdown
20:37:27.664 [TestNG-tests-1] DEBUG com.hk.automation.test.LoginTest - Clicked on Login option
20:37:27.985 [TestNG-tests-1] DEBUG com.hk.automation.test.LoginTest - Email address entered
20:37:28.140 [TestNG-tests-1] DEBUG com.hk.automation.test.LoginTest - Password entered
20:37:28.537 [TestNG-tests-1] DEBUG com.hk.automation.test.LoginTest - Clicked on Login Button
20:37:29.860 [TestNG-tests-1] DEBUG com.hk.automation.test.LoginTest - Login is succesful
20:37:29.860 [TestNG-tests-1] INFO  com.hk.automation.test.LoginTest - Login  test got passed
20:37:29.980 [TestNG-tests-1] INFO  com.hk.automation.test.LoginTest - Browser closed
20:37:31.775 [TestNG-tests-1] DEBUG com.hk.automation.test.LoginTest - Browser got launched
20:37:34.245 [TestNG-tests-1] DEBUG com.hk.automation.test.LoginTest - Navigated to application url
20:37:34.494 [TestNG-tests-1] DEBUG com.hk.automation.test.LoginTest - Clicked on my account dropdown
20:37:35.192 [TestNG-tests-1] DEBUG com.hk.automation.test.LoginTest - Clicked on Login option
20:37:35.389 [TestNG-tests-1] DEBUG com.hk.automation.test.LoginTest - Email address entered
20:37:35.491 [TestNG-tests-1] DEBUG com.hk.automation.test.LoginTest - Password entered
20:37:36.213 [TestNG-tests-1] DEBUG com.hk.automation.test.LoginTest - Clicked on Login Button
20:37:46.272 [TestNG-tests-1] DEBUG com.hk.automation.test.LoginTest - Login Failed!
20:37:46.272 [TestNG-tests-1] INFO  com.hk.automation.test.LoginTest - Login  test got passed
20:37:46.447 [TestNG-tests-1] INFO  com.hk.automation.test.LoginTest - Browser closed
23:36:14.024 [main] DEBUG com.hk.automation.test.LoginTest - Browser got launched
23:36:16.728 [main] DEBUG com.hk.automation.test.LoginTest - Navigated to application url
23:36:16.849 [main] DEBUG com.hk.automation.test.LoginTest - Clicked on my account dropdown
23:36:17.327 [main] DEBUG com.hk.automation.test.LoginTest - Clicked on Login option
23:36:17.493 [main] DEBUG com.hk.automation.test.LoginTest - Email address entered
23:36:17.571 [main] DEBUG com.hk.automation.test.LoginTest - Password entered
23:36:17.658 [main] DEBUG com.hk.automation.test.LoginTest - Clicked on Login Button
23:38:38.108 [main] DEBUG com.hk.automation.test.LoginTest - Browser got launched
23:38:40.686 [main] DEBUG com.hk.automation.test.LoginTest - Navigated to application url
23:38:40.812 [main] DEBUG com.hk.automation.test.LoginTest - Clicked on my account dropdown
23:38:41.278 [main] DEBUG com.hk.automation.test.LoginTest - Clicked on Login option
23:38:41.472 [main] DEBUG com.hk.automation.test.LoginTest - Email address entered
23:38:41.571 [main] DEBUG com.hk.automation.test.LoginTest - Password entered
23:38:41.653 [main] DEBUG com.hk.automation.test.LoginTest - Clicked on Login Button
23:54:58.109 [main] DEBUG com.hk.automation.test.LoginTest - Browser got launched
23:55:00.614 [main] DEBUG com.hk.automation.test.LoginTest - Navigated to application url
23:55:00.759 [main] DEBUG com.hk.automation.test.LoginTest - Clicked on my account dropdown
23:55:01.321 [main] DEBUG com.hk.automation.test.LoginTest - Clicked on Login option
23:55:01.520 [main] DEBUG com.hk.automation.test.LoginTest - Email address entered
23:55:01.618 [main] DEBUG com.hk.automation.test.LoginTest - Password entered
23:55:01.703 [main] DEBUG com.hk.automation.test.LoginTest - Clicked on Login Button
23:55:04.713 [main] DEBUG com.hk.automation.test.LoginTest - Login is succesful
23:55:04.713 [main] INFO  com.hk.automation.test.LoginTest - Login  test got passed
23:57:07.582 [main] DEBUG com.hk.automation.test.LoginTest - Browser got launched
23:57:10.348 [main] DEBUG com.hk.automation.test.LoginTest - Navigated to application url
23:57:10.462 [main] DEBUG com.hk.automation.test.LoginTest - Clicked on my account dropdown
23:57:10.984 [main] DEBUG com.hk.automation.test.LoginTest - Clicked on Login option
23:57:11.136 [main] DEBUG com.hk.automation.test.LoginTest - Email address entered
23:57:11.215 [main] DEBUG com.hk.automation.test.LoginTest - Password entered
23:57:12.483 [main] DEBUG com.hk.automation.test.LoginTest - Clicked on Login Button
23:57:12.542 [main] DEBUG com.hk.automation.test.LoginTest - Login is succesful
23:57:12.542 [main] INFO  com.hk.automation.test.LoginTest - Login  test got passed
00:13:50.548 [main] DEBUG com.hk.automation.test.LoginTest - Browser got launched
00:13:52.947 [main] DEBUG com.hk.automation.test.LoginTest - Navigated to application url
00:13:53.245 [main] DEBUG com.hk.automation.test.LoginTest - Clicked on my account dropdown
00:13:53.724 [main] DEBUG com.hk.automation.test.LoginTest - Clicked on Login option
00:13:54.695 [main] DEBUG com.hk.automation.test.LoginTest - Navigated to google
00:13:55.294 [main] DEBUG com.hk.automation.test.LoginTest - Navigated to application url
00:16:04.107 [main] DEBUG com.hk.automation.test.LoginTest - Browser got launched
00:16:06.733 [main] DEBUG com.hk.automation.test.LoginTest - Navigated to application url
00:16:06.851 [main] DEBUG com.hk.automation.test.LoginTest - Clicked on my account dropdown
00:16:07.404 [main] DEBUG com.hk.automation.test.LoginTest - Clicked on Login option
00:16:08.575 [main] DEBUG com.hk.automation.test.LoginTest - Navigated to google
00:16:09.010 [main] DEBUG com.hk.automation.test.LoginTest - Navigated to application url
00:16:49.110 [main] DEBUG com.hk.automation.test.LoginTest - Browser got launched
00:16:52.055 [main] DEBUG com.hk.automation.test.LoginTest - Navigated to application url
00:16:52.185 [main] DEBUG com.hk.automation.test.LoginTest - Clicked on my account dropdown
00:16:52.679 [main] DEBUG com.hk.automation.test.LoginTest - Clicked on Login option
00:16:52.906 [main] DEBUG com.hk.automation.test.LoginTest - Navigated to google
00:16:54.103 [main] DEBUG com.hk.automation.test.LoginTest - Navigated to application url
00:19:20.173 [main] DEBUG com.hk.automation.test.LoginTest - Browser got launched
00:19:23.133 [main] DEBUG com.hk.automation.test.LoginTest - Navigated to application url
00:19:24.177 [main] DEBUG com.hk.automation.test.LoginTest - Navigated to google
00:19:24.841 [main] DEBUG com.hk.automation.test.LoginTest - Navigated to application url
00:20:41.940 [main] DEBUG com.hk.automation.test.LoginTest - Browser got launched
00:20:44.290 [main] DEBUG com.hk.automation.test.LoginTest - Navigated to application url
00:20:44.520 [main] DEBUG com.hk.automation.test.LoginTest - Navigated to google
00:20:45.920 [main] DEBUG com.hk.automation.test.LoginTest - Navigated to application url
00:20:46.039 [main] DEBUG com.hk.automation.test.LoginTest - Clicked on my account dropdown
00:21:40.105 [main] DEBUG com.hk.automation.test.LoginTest - Clicked on Login option
00:22:02.757 [main] DEBUG com.hk.automation.test.LoginTest - Browser got launched
00:22:05.461 [main] DEBUG com.hk.automation.test.LoginTest - Navigated to application url
00:22:06.480 [main] DEBUG com.hk.automation.test.LoginTest - Navigated to google
00:22:07.084 [main] DEBUG com.hk.automation.test.LoginTest - Navigated to application url
00:22:07.239 [main] DEBUG com.hk.automation.test.LoginTest - Clicked on my account dropdown
00:22:07.735 [main] DEBUG com.hk.automation.test.LoginTest - Clicked on Login option
00:22:07.890 [main] DEBUG com.hk.automation.test.LoginTest - Email address entered
00:22:07.970 [main] DEBUG com.hk.automation.test.LoginTest - Password entered
00:22:08.050 [main] DEBUG com.hk.automation.test.LoginTest - Clicked on Login Button
00:22:17.838 [main] DEBUG com.hk.automation.test.LoginTest - Login is succesful
00:22:17.838 [main] INFO  com.hk.automation.test.LoginTest - Login  test got passed
